<?xml version="1.0" encoding="UTF-8"?>
<!-- Generated by org.testng.reporters.JUnitXMLReporter -->
<testsuite ignored="1" hostname="DESKTOP-T6Q2RCQ" failures="0" tests="6" name="ChromeTest" time="52.244" errors="0" timestamp="2024-04-05T05:54:57 EDT">
  <testcase classname="testCases.TC_001_AccountRegistration" name="verifyAccountRegistration" time="6.559"/>
  <testcase classname="testCases.TC_003_LoginDDT" name="verify_LoginDDT" time="1.839"/>
  <testcase classname="testCases.TC_003_LoginDDT" name="verify_LoginDDT" time="11.169"/>
  <testcase classname="testCases.TC_003_LoginDDT" name="verify_LoginDDT" time="11.437"/>
  <testcase classname="testCases.TC_003_LoginDDT" name="verify_LoginDDT" time="11.442"/>
  <testcase classname="testCases.TC_003_LoginDDT" name="verify_LoginDDT" time="2.3"/>
  <testcase classname="testCases.TC_002_Login" name="verifyAccountLogin" time="0.0">
    <ignored/>
  </testcase> <!-- verifyAccountLogin -->
</testsuite> <!-- ChromeTest -->
