<?xml version="1.0" encoding="UTF-8"?>
<!-- Generated by org.testng.reporters.JUnitXMLReporter -->
<testsuite ignored="1" hostname="DESKTOP-T6Q2RCQ" failures="0" tests="6" name="EdgeTest" time="57.478" errors="0" timestamp="2024-04-05T05:55:55 EDT">
  <testcase classname="testCases.TC_001_AccountRegistration" name="verifyAccountRegistration" time="6.314"/>
  <testcase classname="testCases.TC_003_LoginDDT" name="verify_LoginDDT" time="1.995"/>
  <testcase classname="testCases.TC_003_LoginDDT" name="verify_LoginDDT" time="11.256"/>
  <testcase classname="testCases.TC_003_LoginDDT" name="verify_LoginDDT" time="11.359"/>
  <testcase classname="testCases.TC_003_LoginDDT" name="verify_LoginDDT" time="11.525"/>
  <testcase classname="testCases.TC_003_LoginDDT" name="verify_LoginDDT" time="2.332"/>
  <testcase classname="testCases.TC_002_Login" name="verifyAccountLogin" time="0.0">
    <ignored/>
  </testcase> <!-- verifyAccountLogin -->
</testsuite> <!-- EdgeTest -->
