<?xml version="1.0" encoding="UTF-8"?>
<!-- Generated by org.testng.reporters.JUnitXMLReporter -->
<testsuite ignored="1" hostname="DESKTOP-T6Q2RCQ" failures="0" tests="6" name="Test" time="52.457" errors="0" timestamp="2024-04-05T06:49:21 EDT">
  <testcase classname="testCases.TC_001_AccountRegistration" name="verifyAccountRegistration" time="6.493"/>
  <testcase classname="testCases.TC_003_LoginDDT" name="verify_LoginDDT" time="1.884"/>
  <testcase classname="testCases.TC_003_LoginDDT" name="verify_LoginDDT" time="11.292"/>
  <testcase classname="testCases.TC_003_LoginDDT" name="verify_LoginDDT" time="11.502"/>
  <testcase classname="testCases.TC_003_LoginDDT" name="verify_LoginDDT" time="11.381"/>
  <testcase classname="testCases.TC_003_LoginDDT" name="verify_LoginDDT" time="2.187"/>
  <testcase classname="testCases.TC_002_Login" name="verifyAccountLogin" time="0.0">
    <ignored/>
  </testcase> <!-- verifyAccountLogin -->
</testsuite> <!-- Test -->
