<?xml version="1.0" encoding="UTF-8"?>
<!-- Generated by org.testng.reporters.JUnitXMLReporter -->
<testsuite ignored="0" hostname="DESKTOP-T6Q2RCQ" failures="0" tests="7" name="Test" time="57.147" errors="0" timestamp="2024-04-05T07:06:08 EDT">
  <testcase classname="testCases.TC_001_AccountRegistration" name="verifyAccountRegistration" time="6.363"/>
  <testcase classname="testCases.TC_002_Login" name="verifyAccountLogin" time="2.748"/>
  <testcase classname="testCases.TC_003_LoginDDT" name="verify_LoginDDT" time="1.872"/>
  <testcase classname="testCases.TC_003_LoginDDT" name="verify_LoginDDT" time="11.335"/>
  <testcase classname="testCases.TC_003_LoginDDT" name="verify_LoginDDT" time="11.422"/>
  <testcase classname="testCases.TC_003_LoginDDT" name="verify_LoginDDT" time="11.515"/>
  <testcase classname="testCases.TC_003_LoginDDT" name="verify_LoginDDT" time="2.206"/>
</testsuite> <!-- Test -->
